# JRE version: Java(TM) SE Runtime Environment (7.0_51-b13) (build 1.7.0_51-b13)
# Java VM: Java HotSpot(TM) Client VM (24.51-b03 mixed mode, sharing windows-x86 )
Heap
 def new generation   total 78656K, used 69158K [0x23f30000, 0x29480000, 0x29480000)
  eden space 69952K,  98% used [0x23f30000, 0x282b9b18, 0x28380000)
  from space 8704K,   0% used [0x28380000, 0x28380000, 0x28c00000)
  to   space 8704K,   0% used [0x28c00000, 0x28c00000, 0x29480000)
 tenured generation   total 174784K, used 174783K [0x29480000, 0x33f30000, 0x33f30000)
   the space 174784K,  99% used [0x29480000, 0x33f2ffe8, 0x33f30000, 0x33f30000)
 compacting perm gen  total 12288K, used 4146K [0x33f30000, 0x34b30000, 0x37f30000)
   the space 12288K,  33% used [0x33f30000, 0x3433c8e8, 0x3433ca00, 0x34b30000)
    ro space 10240K,  41% used [0x37f30000, 0x38362050, 0x38362200, 0x38930000)
    rw space 12288K,  52% used [0x38930000, 0x38f76800, 0x38f76800, 0x39530000)
GC Heap History (10 events):
Event: 152.904 GC heap before
{Heap before GC invocations=37 (full 23):
 def new generation   total 78656K, used 69952K [0x23f30000, 0x29480000, 0x29480000)
  eden space 69952K, 100% used [0x23f30000, 0x28380000, 0x28380000)
  from space 8704K,   0% used [0x28380000, 0x28380000, 0x28c00000)
  to   space 8704K,   0% used [0x28c00000, 0x28c00000, 0x29480000)
 tenured generation   total 174784K, used 149193K [0x29480000, 0x33f30000, 0x33f30000)
   the space 174784K,  85% used [0x29480000, 0x326324c8, 0x32632600, 0x33f30000)
 compacting perm gen  total 12288K, used 4146K [0x33f30000, 0x34b30000, 0x37f30000)
   the space 12288K,  33% used [0x33f30000, 0x3433c8f8, 0x3433ca00, 0x34b30000)
    ro space 10240K,  41% used [0x37f30000, 0x38362050, 0x38362200, 0x38930000)
    rw space 12288K,  52% used [0x38930000, 0x38f76800, 0x38f76800, 0x39530000)
Event: 153.791 GC heap after
Heap after GC invocations=38 (full 24):
 def new generation   total 78656K, used 6107K [0x23f30000, 0x29480000, 0x29480000)
  eden space 69952K,   8% used [0x23f30000, 0x24526f00, 0x28380000)
  from space 8704K,   0% used [0x28380000, 0x28380000, 0x28c00000)
  to   space 8704K,   0% used [0x28c00000, 0x28c00000, 0x29480000)
 tenured generation   total 174784K, used 174783K [0x29480000, 0x33f30000, 0x33f30000)
   the space 174784K,  99% used [0x29480000, 0x33f2ffe8, 0x33f30000, 0x33f30000)
 compacting perm gen  total 12288K, used 4146K [0x33f30000, 0x34b30000, 0x37f30000)
   the space 12288K,  33% used [0x33f30000, 0x3433c8e8, 0x3433ca00, 0x34b30000)
    ro space 10240K,  41% used [0x37f30000, 0x38362050, 0x38362200, 0x38930000)
    rw space 12288K,  52% used [0x38930000, 0x38f76800, 0x38f76800, 0x39530000)
}
Event: 182.614 GC heap before
{Heap before GC invocations=38 (full 24):
 def new generation   total 78656K, used 78656K [0x23f30000, 0x29480000, 0x29480000)
  eden space 69952K, 100% used [0x23f30000, 0x28380000, 0x28380000)
  from space 8704K, 100% used [0x28380000, 0x28c00000, 0x28c00000)
  to   space 8704K,   0% used [0x28c00000, 0x28c00000, 0x29480000)
 tenured generation   total 174784K, used 174783K [0x29480000, 0x33f30000, 0x33f30000)
   the space 174784K,  99% used [0x29480000, 0x33f2fff8, 0x33f30000, 0x33f30000)
 compacting perm gen  total 12288K, used 4146K [0x33f30000, 0x34b30000, 0x37f30000)
   the space 12288K,  33% used [0x33f30000, 0x3433c8e8, 0x3433ca00, 0x34b30000)
    ro space 10240K,  41% used [0x37f30000, 0x38362050, 0x38362200, 0x38930000)
    rw space 12288K,  52% used [0x38930000, 0x38f76800, 0x38f76800, 0x39530000)
Event: 183.600 GC heap after
Heap after GC invocations=39 (full 25):
 def new generation   total 78656K, used 42345K [0x23f30000, 0x29480000, 0x29480000)
  eden space 69952K,  60% used [0x23f30000, 0x2688a638, 0x28380000)
  from space 8704K,   0% used [0x28380000, 0x28380000, 0x28c00000)
  to   space 8704K,   0% used [0x28c00000, 0x28c00000, 0x29480000)
 tenured generation   total 174784K, used 174783K [0x29480000, 0x33f30000, 0x33f30000)
   the space 174784K,  99% used [0x29480000, 0x33f2fff8, 0x33f30000, 0x33f30000)
 compacting perm gen  total 12288K, used 4146K [0x33f30000, 0x34b30000, 0x37f30000)
   the space 12288K,  33% used [0x33f30000, 0x3433c8e8, 0x3433ca00, 0x34b30000)
    ro space 10240K,  41% used [0x37f30000, 0x38362050, 0x38362200, 0x38930000)
    rw space 12288K,  52% used [0x38930000, 0x38f76800, 0x38f76800, 0x39530000)
}
Event: 198.159 GC heap before
{Heap before GC invocations=39 (full 25):
 def new generation   total 78656K, used 78656K [0x23f30000, 0x29480000, 0x29480000)
  eden space 69952K, 100% used [0x23f30000, 0x28380000, 0x28380000)
  from space 8704K, 100% used [0x28380000, 0x28c00000, 0x28c00000)
  to   space 8704K,   0% used [0x28c00000, 0x28c00000, 0x29480000)
 tenured generation   total 174784K, used 174783K [0x29480000, 0x33f30000, 0x33f30000)
   the space 174784K,  99% used [0x29480000, 0x33f2fff8, 0x33f30000, 0x33f30000)
 compacting perm gen  total 12288K, used 4146K [0x33f30000, 0x34b30000, 0x37f30000)
   the space 12288K,  33% used [0x33f30000, 0x3433c8e8, 0x3433ca00, 0x34b30000)
    ro space 10240K,  41% used [0x37f30000, 0x38362050, 0x38362200, 0x38930000)
    rw space 12288K,  52% used [0x38930000, 0x38f76800, 0x38f76800, 0x39530000)
Event: 199.167 GC heap after
Heap after GC invocations=40 (full 26):
 def new generation   total 78656K, used 60488K [0x23f30000, 0x29480000, 0x29480000)
  eden space 69952K,  86% used [0x23f30000, 0x27a42320, 0x28380000)
  from space 8704K,   0% used [0x28380000, 0x28380000, 0x28c00000)
  to   space 8704K,   0% used [0x28c00000, 0x28c00000, 0x29480000)
 tenured generation   total 174784K, used 174783K [0x29480000, 0x33f30000, 0x33f30000)
   the space 174784K,  99% used [0x29480000, 0x33f2fff8, 0x33f30000, 0x33f30000)
 compacting perm gen  total 12288K, used 4146K [0x33f30000, 0x34b30000, 0x37f30000)
   the space 12288K,  33% used [0x33f30000, 0x3433c8e8, 0x3433ca00, 0x34b30000)
    ro space 10240K,  41% used [0x37f30000, 0x38362050, 0x38362200, 0x38930000)
    rw space 12288K,  52% used [0x38930000, 0x38f76800, 0x38f76800, 0x39530000)
}
Event: 206.477 GC heap before
{Heap before GC invocations=40 (full 26):
 def new generation   total 78656K, used 77823K [0x23f30000, 0x29480000, 0x29480000)
  eden space 69952K, 100% used [0x23f30000, 0x28380000, 0x28380000)
  from space 8704K,  90% used [0x28380000, 0x28b2fe20, 0x28c00000)
  to   space 8704K,   0% used [0x28c00000, 0x28c00000, 0x29480000)
 tenured generation   total 174784K, used 174783K [0x29480000, 0x33f30000, 0x33f30000)
   the space 174784K,  99% used [0x29480000, 0x33f2fff8, 0x33f30000, 0x33f30000)
 compacting perm gen  total 12288K, used 4146K [0x33f30000, 0x34b30000, 0x37f30000)
   the space 12288K,  33% used [0x33f30000, 0x3433c8e8, 0x3433ca00, 0x34b30000)
    ro space 10240K,  41% used [0x37f30000, 0x38362050, 0x38362200, 0x38930000)
    rw space 12288K,  52% used [0x38930000, 0x38f76800, 0x38f76800, 0x39530000)
Event: 207.588 GC heap after
Heap after GC invocations=41 (full 27):
 def new generation   total 78656K, used 69155K [0x23f30000, 0x29480000, 0x29480000)
  eden space 69952K,  98% used [0x23f30000, 0x282b8df8, 0x28380000)
  from space 8704K,   0% used [0x28380000, 0x28380000, 0x28c00000)
  to   space 8704K,   0% used [0x28c00000, 0x28c00000, 0x29480000)
 tenured generation   total 174784K, used 174783K [0x29480000, 0x33f30000, 0x33f30000)
   the space 174784K,  99% used [0x29480000, 0x33f2fff8, 0x33f30000, 0x33f30000)
 compacting perm gen  total 12288K, used 4146K [0x33f30000, 0x34b30000, 0x37f30000)
   the space 12288K,  33% used [0x33f30000, 0x3433c8e8, 0x3433ca00, 0x34b30000)
    ro space 10240K,  41% used [0x37f30000, 0x38362050, 0x38362200, 0x38930000)
    rw space 12288K,  52% used [0x38930000, 0x38f76800, 0x38f76800, 0x39530000)
}
Event: 207.588 GC heap before
{Heap before GC invocations=41 (full 27):
 def new generation   total 78656K, used 69155K [0x23f30000, 0x29480000, 0x29480000)
  eden space 69952K,  98% used [0x23f30000, 0x282b8df8, 0x28380000)
  from space 8704K,   0% used [0x28380000, 0x28380000, 0x28c00000)
  to   space 8704K,   0% used [0x28c00000, 0x28c00000, 0x29480000)
 tenured generation   total 174784K, used 174783K [0x29480000, 0x33f30000, 0x33f30000)
   the space 174784K,  99% used [0x29480000, 0x33f2fff8, 0x33f30000, 0x33f30000)
 compacting perm gen  total 12288K, used 4146K [0x33f30000, 0x34b30000, 0x37f30000)
   the space 12288K,  33% used [0x33f30000, 0x3433c8e8, 0x3433ca00, 0x34b30000)
    ro space 10240K,  41% used [0x37f30000, 0x38362050, 0x38362200, 0x38930000)
    rw space 12288K,  52% used [0x38930000, 0x38f76800, 0x38f76800, 0x39530000)
Event: 208.783 GC heap after
Heap after GC invocations=42 (full 28):
 def new generation   total 78656K, used 69154K [0x23f30000, 0x29480000, 0x29480000)
  eden space 69952K,  98% used [0x23f30000, 0x282b8ae0, 0x28380000)
  from space 8704K,   0% used [0x28380000, 0x28380000, 0x28c00000)
  to   space 8704K,   0% used [0x28c00000, 0x28c00000, 0x29480000)
 tenured generation   total 174784K, used 174783K [0x29480000, 0x33f30000, 0x33f30000)
   the space 174784K,  99% used [0x29480000, 0x33f2ffe8, 0x33f30000, 0x33f30000)
 compacting perm gen  total 12288K, used 4146K [0x33f30000, 0x34b30000, 0x37f30000)
   the space 12288K,  33% used [0x33f30000, 0x3433c8e8, 0x3433ca00, 0x34b30000)
    ro space 10240K,  41% used [0x37f30000, 0x38362050, 0x38362200, 0x38930000)
    rw space 12288K,  52% used [0x38930000, 0x38f76800, 0x38f76800, 0x39530000)
}

