# JRE version: Java(TM) SE Runtime Environment (7.0_75-b13) (build 1.7.0_75-b13)
# Java VM: Java HotSpot(TM) Client VM (24.75-b04 mixed mode, sharing windows-x86 )
Heap
 def new generation   total 4928K, used 3900K [0x23800000, 0x23d50000, 0x28d50000)
  eden space 4416K,  76% used [0x23800000, 0x23b4f288, 0x23c50000)
  from space 512K,  99% used [0x23c50000, 0x23ccfff8, 0x23cd0000)
  to   space 512K,   0% used [0x23cd0000, 0x23cd0000, 0x23d50000)
 tenured generation   total 10944K, used 1411K [0x28d50000, 0x29800000, 0x33800000)
   the space 10944K,  12% used [0x28d50000, 0x28eb0c50, 0x28eb0e00, 0x29800000)
 compacting perm gen  total 12288K, used 1997K [0x33800000, 0x34400000, 0x37800000)
   the space 12288K,  16% used [0x33800000, 0x339f3568, 0x339f3600, 0x34400000)
    ro space 10240K,  42% used [0x37800000, 0x37c35758, 0x37c35800, 0x38200000)
    rw space 12288K,  51% used [0x38200000, 0x3883b548, 0x3883b600, 0x38e00000)
GC Heap History (4 events):
Event: 0.870 GC heap before
{Heap before GC invocations=0 (full 0):
 def new generation   total 4928K, used 4416K [0x23800000, 0x23d50000, 0x28d50000)
  eden space 4416K, 100% used [0x23800000, 0x23c50000, 0x23c50000)
  from space 512K,   0% used [0x23c50000, 0x23c50000, 0x23cd0000)
  to   space 512K,   0% used [0x23cd0000, 0x23cd0000, 0x23d50000)
 tenured generation   total 10944K, used 0K [0x28d50000, 0x29800000, 0x33800000)
   the space 10944K,   0% used [0x28d50000, 0x28d50000, 0x28d50200, 0x29800000)
 compacting perm gen  total 12288K, used 1339K [0x33800000, 0x34400000, 0x37800000)
   the space 12288K,  10% used [0x33800000, 0x3394ec30, 0x3394ee00, 0x34400000)
    ro space 10240K,  42% used [0x37800000, 0x37c35758, 0x37c35800, 0x38200000)
    rw space 12288K,  51% used [0x38200000, 0x3883b548, 0x3883b600, 0x38e00000)
Event: 0.873 GC heap after
Heap after GC invocations=1 (full 0):
 def new generation   total 4928K, used 512K [0x23800000, 0x23d50000, 0x28d50000)
  eden space 4416K,   0% used [0x23800000, 0x23800000, 0x23c50000)
  from space 512K, 100% used [0x23cd0000, 0x23d50000, 0x23d50000)
  to   space 512K,   0% used [0x23c50000, 0x23c50000, 0x23cd0000)
 tenured generation   total 10944K, used 700K [0x28d50000, 0x29800000, 0x33800000)
   the space 10944K,   6% used [0x28d50000, 0x28dff308, 0x28dff400, 0x29800000)
 compacting perm gen  total 12288K, used 1339K [0x33800000, 0x34400000, 0x37800000)
   the space 12288K,  10% used [0x33800000, 0x3394ec30, 0x3394ee00, 0x34400000)
    ro space 10240K,  42% used [0x37800000, 0x37c35758, 0x37c35800, 0x38200000)
    rw space 12288K,  51% used [0x38200000, 0x3883b548, 0x3883b600, 0x38e00000)
}
Event: 2.442 GC heap before
{Heap before GC invocations=1 (full 0):
 def new generation   total 4928K, used 4928K [0x23800000, 0x23d50000, 0x28d50000)
  eden space 4416K, 100% used [0x23800000, 0x23c50000, 0x23c50000)
  from space 512K, 100% used [0x23cd0000, 0x23d50000, 0x23d50000)
  to   space 512K,   0% used [0x23c50000, 0x23c50000, 0x23cd0000)
 tenured generation   total 10944K, used 700K [0x28d50000, 0x29800000, 0x33800000)
   the space 10944K,   6% used [0x28d50000, 0x28dff308, 0x28dff400, 0x29800000)
 compacting perm gen  total 12288K, used 1975K [0x33800000, 0x34400000, 0x37800000)
   the space 12288K,  16% used [0x33800000, 0x339edd48, 0x339ede00, 0x34400000)
    ro space 10240K,  42% used [0x37800000, 0x37c35758, 0x37c35800, 0x38200000)
    rw space 12288K,  51% used [0x38200000, 0x3883b548, 0x3883b600, 0x38e00000)
Event: 2.445 GC heap after
Heap after GC invocations=2 (full 0):
 def new generation   total 4928K, used 511K [0x23800000, 0x23d50000, 0x28d50000)
  eden space 4416K,   0% used [0x23800000, 0x23800000, 0x23c50000)
  from space 512K,  99% used [0x23c50000, 0x23ccfff8, 0x23cd0000)
  to   space 512K,   0% used [0x23cd0000, 0x23cd0000, 0x23d50000)
 tenured generation   total 10944K, used 1411K [0x28d50000, 0x29800000, 0x33800000)
   the space 10944K,  12% used [0x28d50000, 0x28eb0c50, 0x28eb0e00, 0x29800000)
 compacting perm gen  total 12288K, used 1975K [0x33800000, 0x34400000, 0x37800000)
   the space 12288K,  16% used [0x33800000, 0x339edd48, 0x339ede00, 0x34400000)
    ro space 10240K,  42% used [0x37800000, 0x37c35758, 0x37c35800, 0x38200000)
    rw space 12288K,  51% used [0x38200000, 0x3883b548, 0x3883b600, 0x38e00000)
}

